2018-06-20 17:17:04.037 ERROR 5476 --- [main] o.s.b.c.l.LoggingApplicationListener     : Cannot set level: ALL for 'null'
2018-06-20 17:17:04.583  INFO 5476 --- [main] com.test.DemoApplication                 : Starting DemoApplication on GBKTFDC013X0002 with PID 5476 (C:\downloads\demo\demo\target\classes started by mandas04 in C:\downloads\demo\demo)
2018-06-20 17:17:04.584  INFO 5476 --- [main] com.test.DemoApplication                 : No active profile set, falling back to default profiles: default
2018-06-20 17:17:04.760  INFO 5476 --- [main] ConfigServletWebServerApplicationContext : Refreshing org.springframework.boot.web.servlet.context.AnnotationConfigServletWebServerApplicationContext@36c88a32: startup date [Wed Jun 20 17:17:04 IST 2018]; root of context hierarchy
2018-06-20 17:17:08.667  INFO 5476 --- [main] o.s.b.w.embedded.tomcat.TomcatWebServer  : Tomcat initialized with port(s): 8080 (http)
2018-06-20 17:17:08.737  INFO 5476 --- [main] o.apache.catalina.core.StandardService   : Starting service [Tomcat]
2018-06-20 17:17:08.738  INFO 5476 --- [main] org.apache.catalina.core.StandardEngine  : Starting Servlet Engine: Apache Tomcat/8.5.31
2018-06-20 17:17:08.767  INFO 5476 --- [localhost-startStop-1] o.a.catalina.core.AprLifecycleListener   : The APR based Apache Tomcat Native library which allows optimal performance in production environments was not found on the java.library.path: [C:\Program Files\Java\jre1.8.0_144\bin;C:\Windows\Sun\Java\bin;C:\Windows\system32;C:\Windows;C:/Program Files/Java/jre1.8.0_144/bin/server;C:/Program Files/Java/jre1.8.0_144/bin;C:/Program Files/Java/jre1.8.0_144/lib/amd64;C:\Windows\system32;C:\Windows;C:\Windows\System32\Wbem;C:\Windows\System32\WindowsPowerShell\v1.0\;C:\Program Files\Citrix\System32\;C:\Program Files\Citrix\ICAService\;C:\Program Files\Python35\Scripts\;C:\Program Files\Python35\;C:\ProgramData\Oracle\Java\javapath;C:\Program Files\Java\jre1.8.0_144\bin;C:\Program Files\PostgreSQL\pg95\bin;C:\Program Files\nodejs\;C:\Program Files (x86)\GitExtensions\;c:\Program Files (x86)\Npm\;C:\Program Files\Git\cmd;C:\Windows\System32\WindowsPowerShell\v1.0\;C:\Program Files (x86)\McAfee\MOVE AV Client\;C:\Program Files\PuTTY\;C:\Program Files (x86)\PuTTY\;C:\Program Files\eclipse;;.]
2018-06-20 17:17:09.104  INFO 5476 --- [localhost-startStop-1] o.a.c.c.C.[Tomcat].[localhost].[/]       : Initializing Spring embedded WebApplicationContext
2018-06-20 17:17:09.105  INFO 5476 --- [localhost-startStop-1] o.s.web.context.ContextLoader            : Root WebApplicationContext: initialization completed in 4345 ms
2018-06-20 17:17:09.463  INFO 5476 --- [localhost-startStop-1] o.s.b.w.servlet.ServletRegistrationBean  : Servlet dispatcherServlet mapped to [/]
2018-06-20 17:17:09.473  INFO 5476 --- [localhost-startStop-1] o.s.b.w.servlet.FilterRegistrationBean   : Mapping filter: 'characterEncodingFilter' to: [/*]
2018-06-20 17:17:09.474  INFO 5476 --- [localhost-startStop-1] o.s.b.w.servlet.FilterRegistrationBean   : Mapping filter: 'hiddenHttpMethodFilter' to: [/*]
2018-06-20 17:17:09.476  INFO 5476 --- [localhost-startStop-1] o.s.b.w.servlet.FilterRegistrationBean   : Mapping filter: 'httpPutFormContentFilter' to: [/*]
2018-06-20 17:17:09.488  INFO 5476 --- [localhost-startStop-1] o.s.b.w.servlet.FilterRegistrationBean   : Mapping filter: 'requestContextFilter' to: [/*]
2018-06-20 17:17:09.892  INFO 5476 --- [main] o.s.w.s.handler.SimpleUrlHandlerMapping  : Mapped URL path [/**/favicon.ico] onto handler of type [class org.springframework.web.servlet.resource.ResourceHttpRequestHandler]
2018-06-20 17:17:10.664  INFO 5476 --- [main] s.w.s.m.m.a.RequestMappingHandlerAdapter : Looking for @ControllerAdvice: org.springframework.boot.web.servlet.context.AnnotationConfigServletWebServerApplicationContext@36c88a32: startup date [Wed Jun 20 17:17:04 IST 2018]; root of context hierarchy
2018-06-20 17:17:10.829  INFO 5476 --- [main] s.w.s.m.m.a.RequestMappingHandlerMapping : Mapped "{[/catch],methods=[GET]}" onto public java.lang.String com.test.DemoApplication.index(java.lang.String)
2018-06-20 17:17:10.839  INFO 5476 --- [main] s.w.s.m.m.a.RequestMappingHandlerMapping : Mapped "{[/error]}" onto public org.springframework.http.ResponseEntity<java.util.Map<java.lang.String, java.lang.Object>> org.springframework.boot.autoconfigure.web.servlet.error.BasicErrorController.error(javax.servlet.http.HttpServletRequest)
2018-06-20 17:17:10.897  INFO 5476 --- [main] s.w.s.m.m.a.RequestMappingHandlerMapping : Mapped "{[/error],produces=[text/html]}" onto public org.springframework.web.servlet.ModelAndView org.springframework.boot.autoconfigure.web.servlet.error.BasicErrorController.errorHtml(javax.servlet.http.HttpServletRequest,javax.servlet.http.HttpServletResponse)
2018-06-20 17:17:10.987  INFO 5476 --- [main] o.s.w.s.handler.SimpleUrlHandlerMapping  : Mapped URL path [/webjars/**] onto handler of type [class org.springframework.web.servlet.resource.ResourceHttpRequestHandler]
2018-06-20 17:17:10.988  INFO 5476 --- [main] o.s.w.s.handler.SimpleUrlHandlerMapping  : Mapped URL path [/**] onto handler of type [class org.springframework.web.servlet.resource.ResourceHttpRequestHandler]
2018-06-20 17:17:11.197  INFO 5476 --- [main] o.s.b.a.w.s.WelcomePageHandlerMapping    : Adding welcome page: class path resource [static/index.html]
2018-06-20 17:17:11.514  INFO 5476 --- [main] o.s.j.e.a.AnnotationMBeanExporter        : Registering beans for JMX exposure on startup
2018-06-20 17:17:11.720  INFO 5476 --- [main] o.s.b.w.embedded.tomcat.TomcatWebServer  : Tomcat started on port(s): 8080 (http) with context path ''
2018-06-20 17:17:11.728  INFO 5476 --- [main] com.test.DemoApplication                 : Started DemoApplication in 8.654 seconds (JVM running for 9.603)
